<?xml version="1.0" encoding="UTF-8"?>
<testsuite name="life.LifeSpecification" tests="2" skipped="0" failures="0" errors="0" timestamp="2018-10-25T15:06:29" hostname="Christophers-MacBook-Pro-2.local" time="0.097">
  <properties/>
  <testcase name="Life tests Vertical line" classname="life.LifeSpecification" time="0.089"/>
  <testcase name="Life tests Vertical line2" classname="life.LifeSpecification" time="0.001"/>
  <system-out><![CDATA[]]></system-out>
  <system-err><![CDATA[]]></system-err>
</testsuite>
